Arguments: 
  C:\Program Files\nodejs\node.exe D:\nodejs_cg\node_global\node_modules\yarn\bin\yarn.js init

PATH: 
  C:\Users\27143\bin;C:\Program Files\Git\mingw64\bin;C:\Program Files\Git\usr\local\bin;C:\Program Files\Git\usr\bin;C:\Program Files\Git\usr\bin;C:\Program Files\Git\mingw64\bin;C:\Program Files\Git\usr\bin;C:\Users\27143\bin;C:\Program Files\Java\jdk1.8.0_144\bin;C:\Program Files (x86)\NetSarang\Xftp 6;C:\Program Files (x86)\NetSarang\Xshell 6;C:\ProgramData\Oracle\Java\javapath;C:\WINDOWS\system32;C:\WINDOWS;C:\WINDOWS\System32\Wbem;C:\WINDOWS\System32\WindowsPowerShell\v1.0;C:\WINDOWS\System32\OpenSSH;D:\mysql-utilities-1.6.5-winx64;C:\Program Files\TortoiseSVN\bin;C:\Program Files\nodejs;C:\ProgramData\chocolatey\bin;C:\Program Files\Git\cmd;D:\Android\platform-tools;C:\Users\27143\.app;C:\Users\27143\AppData\Local\Microsoft\WindowsApps;D:\nodejs_cg\node_global;C:\Users\27143\AppData\Local\GitHubDesktop\bin;C:\Program Files\Git\usr\bin\vendor_perl;C:\Program Files\Git\usr\bin\core_perl

Yarn version: 
  1.22.4

Node version: 
  12.18.2

Platform: 
  win32 x64

Trace: 
  Error: Can't answer a question unless a user TTY
      at ConsoleReporter.question (D:\nodejs_cg\node_global\node_modules\yarn\lib\cli.js:96800:59)
      at Object.<anonymous> (D:\nodejs_cg\node_global\node_modules\yarn\lib\cli.js:89075:38)
      at Generator.next (<anonymous>)
      at step (D:\nodejs_cg\node_global\node_modules\yarn\lib\cli.js:310:30)
      at D:\nodejs_cg\node_global\node_modules\yarn\lib\cli.js:321:13
      at processTicksAndRejections (internal/process/task_queues.js:97:5)

npm manifest: 
  No manifest

yarn manifest: 
  No manifest

Lockfile: 
  No lockfile
